<?xml version="1.0" encoding="UTF-8"?>
<testsuite xmlns:xsi="http://www.w3.org/2001/XMLSchema-instance" xsi:noNamespaceSchemaLocation="https://maven.apache.org/surefire/maven-surefire-plugin/xsd/surefire-test-report-3.0.xsd" version="3.0" name="com.example.simplewebserver.StaticResourcesTest" time="2.749" tests="2" errors="0" skipped="0" failures="0">
  <properties>
[...]
</properties>
  <testcase name="testCssFileLoading" classname="com.example.simplewebserver.StaticResourcesTest" time="0.786">
    <system-out><![CDATA[00:04:02.064 [main] INFO org.springframework.test.context.support.AnnotationConfigContextLoaderUtils -- Could not detect default configuration classes for test class [com.example.simplewebserver.StaticResourcesTest]: StaticResourcesTest does not declare any static, non-private, non-final, nested classes annotated with @Configuration.
00:04:02.170 [main] INFO org.springframework.boot.test.context.SpringBootTestContextBootstrapper -- Found @SpringBootConfiguration com.example.simplewebserver.SimplewebserverApplication for test class com.example.simplewebserver.StaticResourcesTest

  .   ____          _            __ _ _
 /\\ / ___'_ __ _ _(_)_ __  __ _ \ \ \ \
( ( )\___ | '_ | '_| | '_ \/ _` | \ \ \ \
 \\/  ___)| |_)| | | | | || (_| |  ) ) ) )
  '  |____| .__|_| |_|_| |_\__, | / / / /
 =========|_|==============|___/=/_/_/_/

 :: Spring Boot ::                (v3.3.3)

2024-09-08T00:04:02.651+09:00  INFO 15840 --- [simplewebserver] [           main] c.e.simplewebserver.StaticResourcesTest  : Starting StaticResourcesTest using Java 22.0.2 with PID 15840 (started by user in C:\home\ec2-user\simplewebserver)
2024-09-08T00:04:02.653+09:00  INFO 15840 --- [simplewebserver] [           main] c.e.simplewebserver.StaticResourcesTest  : No active profile set, falling back to 1 default profile: "default"
2024-09-08T00:04:03.779+09:00  INFO 15840 --- [simplewebserver] [           main] o.s.b.t.m.w.SpringBootMockServletContext : Initializing Spring TestDispatcherServlet ''
2024-09-08T00:04:03.780+09:00  INFO 15840 --- [simplewebserver] [           main] o.s.t.web.servlet.TestDispatcherServlet  : Initializing Servlet ''
2024-09-08T00:04:03.781+09:00  INFO 15840 --- [simplewebserver] [           main] o.s.t.web.servlet.TestDispatcherServlet  : Completed initialization in 0 ms
2024-09-08T00:04:03.801+09:00  INFO 15840 --- [simplewebserver] [           main] c.e.simplewebserver.StaticResourcesTest  : Started StaticResourcesTest in 1.469 seconds (process running for 2.454)
]]></system-out>
    <system-err><![CDATA[WARNING: A Java agent has been loaded dynamically (C:\Users\user\.m2\repository\net\bytebuddy\byte-buddy-agent\1.14.19\byte-buddy-agent-1.14.19.jar)
WARNING: If a serviceability tool is in use, please run with -XX:+EnableDynamicAgentLoading to hide this warning
WARNING: If a serviceability tool is not in use, please run with -Djdk.instrument.traceUsage for more information
WARNING: Dynamic loading of agents will be disallowed by default in a future release
]]></system-err>
  </testcase>
  <testcase name="testJsFileLoading" classname="com.example.simplewebserver.StaticResourcesTest" time="0.016"/>
</testsuite>